<?xml version="1.0" encoding="UTF-8"?>
<testng-results skipped="0" failed="0" ignored="0" total="1" passed="1">
  <reporter-output>
  </reporter-output>
  <suite name="Default suite" duration-ms="80360" started-at="2019-07-11T07:46:35Z" finished-at="2019-07-11T07:47:56Z">
    <groups>
    </groups>
    <test name="Default test" duration-ms="80360" started-at="2019-07-11T07:46:35Z" finished-at="2019-07-11T07:47:56Z">
      <class name="com.goibibo.WebApplication.Hotels.International_Hotel">
        <test-method status="PASS" signature="f()[pri:0, instance:com.goibibo.WebApplication.Hotels.International_Hotel@42d80b78]" name="f" duration-ms="80332" started-at="2019-07-11T07:46:35Z" finished-at="2019-07-11T07:47:56Z">
          <reporter-output>
          </reporter-output>
        </test-method> <!-- f -->
      </class> <!-- com.goibibo.WebApplication.Hotels.International_Hotel -->
    </test> <!-- Default test -->
  </suite> <!-- Default suite -->
</testng-results>
